2022-10-04 14:10:10,288 [INFO] Activator:177 - 


2022-10-04 14:10:10,289 [INFO] Activator:178 - !SESSION log4j initialized
2022-10-04 14:10:35,679 [ERROR] LogOutputStream:74 - [STDERR_REDIRECT] SLF4J: Failed to load class "org.slf4j.impl.StaticLoggerBinder".
2022-10-04 14:10:35,680 [ERROR] LogOutputStream:74 - [STDERR_REDIRECT] SLF4J: Defaulting to no-operation (NOP) logger implementation
2022-10-04 14:10:35,682 [ERROR] LogOutputStream:74 - [STDERR_REDIRECT] SLF4J: See http://www.slf4j.org/codes.html#StaticLoggerBinder for further details.
2022-10-05 10:10:59,691 [INFO] Activator:177 - 


2022-10-05 10:10:59,692 [INFO] Activator:178 - !SESSION log4j initialized
2022-10-05 14:21:40,479 [INFO] Activator:177 - 


2022-10-05 14:21:40,480 [INFO] Activator:178 - !SESSION log4j initialized
2022-10-05 14:22:17,170 [ERROR] LogOutputStream:74 - [STDERR_REDIRECT] SLF4J: Failed to load class "org.slf4j.impl.StaticLoggerBinder".
2022-10-05 14:22:17,171 [ERROR] LogOutputStream:74 - [STDERR_REDIRECT] SLF4J: Defaulting to no-operation (NOP) logger implementation
2022-10-05 14:22:17,173 [ERROR] LogOutputStream:74 - [STDERR_REDIRECT] SLF4J: See http://www.slf4j.org/codes.html#StaticLoggerBinder for further details.
2022-10-06 11:59:48,530 [INFO] Activator:177 - 


2022-10-06 11:59:48,541 [INFO] Activator:178 - !SESSION log4j initialized
2022-10-06 12:00:25,930 [ERROR] LogOutputStream:74 - [STDERR_REDIRECT] SLF4J: Failed to load class "org.slf4j.impl.StaticLoggerBinder".
2022-10-06 12:00:25,931 [ERROR] LogOutputStream:74 - [STDERR_REDIRECT] SLF4J: Defaulting to no-operation (NOP) logger implementation
2022-10-06 12:00:25,933 [ERROR] LogOutputStream:74 - [STDERR_REDIRECT] SLF4J: See http://www.slf4j.org/codes.html#StaticLoggerBinder for further details.
2022-10-07 09:58:16,621 [INFO] Activator:177 - 


2022-10-07 09:58:16,632 [INFO] Activator:178 - !SESSION log4j initialized
2022-10-07 09:58:55,230 [ERROR] LogOutputStream:74 - [STDERR_REDIRECT] SLF4J: Failed to load class "org.slf4j.impl.StaticLoggerBinder".
2022-10-07 09:58:55,231 [ERROR] LogOutputStream:74 - [STDERR_REDIRECT] SLF4J: Defaulting to no-operation (NOP) logger implementation
2022-10-07 09:58:55,232 [ERROR] LogOutputStream:74 - [STDERR_REDIRECT] SLF4J: See http://www.slf4j.org/codes.html#StaticLoggerBinder for further details.
